C51 COMPILER V9.60.7.0   MAIN                                                              09/13/2023 15:24:18 PAGE 1   


C51 COMPILER V9.60.7.0, COMPILATION OF MODULE MAIN
OBJECT MODULE PLACED IN MAIN.OBJ
COMPILER INVOKED BY: C:\Keil_v5\C51\BIN\C51.EXE MAIN.C OPTIMIZE(8,SPEED) BROWSE DEBUG OBJECTEXTEND TABS(2)

line level    source

   1          #include<reg51.h>
   2          
   3          #define input P1 //Input port (read values of ADC)
   4          #define output P2 // Output port (connected to LED's)
   5          
   6          void delay(unsigned intmsec);
   7          
   8          voidadc();
   9          
  10          sbit wr = P3 ^ 6; // Write pin.
  11          sbit rd = P3 ^ 7; // Read pin.
  12          sbit intr = P3 ^ 4; // Interrupt pin.
  13          
  14          void main()
  15          {
  16   1        input = 0xff; // Declare port 1 as input port.
  17   1        output = 0x00; // Declare port 0 as output port.
  18   1      
  19   1        while (1)
  20   1        {
  21   2          adc();
*** WARNING C206 IN LINE 21 OF MAIN.C: 'adc': missing function-prototype
  22   2        }
  23   1      }
  24          
  25          void delay(unsigned int msec) // Delay function
  26          {
  27   1        int i, j;
  28   1      
  29   1        for (i = 0; i < msec; i++){
  30   2          for (j = 0; j < 1275; j++){
  31   3           
  32   3          }
  33   2        }
  34   1      }
  35          
  36          voidadc() // Reading values from ADC and display on the LED's
  37          {
  38   1        rd = 1;
  39   1        wr = 0;
  40   1      
  41   1        delay(10);
  42   1      
  43   1        wr = 1;
  44   1      
  45   1        while (intr == 1);
  46   1        
  47   1        rd = 0;
  48   1      
  49   1        output = input;
  50   1      
  51   1        delay(10);
  52   1      
  53   1        intr = 1;
  54   1      }
C51 COMPILER V9.60.7.0   MAIN                                                              09/13/2023 15:24:18 PAGE 2   

*** WARNING C290 IN LINE 54 OF MAIN.C: missing return value


MODULE INFORMATION:   STATIC OVERLAYABLE
   CODE SIZE        =     74    ----
   CONSTANT SIZE    =   ----    ----
   XDATA SIZE       =   ----    ----
   PDATA SIZE       =   ----    ----
   DATA SIZE        =   ----    ----
   IDATA SIZE       =   ----    ----
   BIT SIZE         =   ----    ----
END OF MODULE INFORMATION.


C51 COMPILATION COMPLETE.  2 WARNING(S),  0 ERROR(S)
