C51 COMPILER V9.60.0.0   MAIN                                                              02/03/2023 14:05:15 PAGE 1   


C51 COMPILER V9.60.0.0, COMPILATION OF MODULE MAIN
OBJECT MODULE PLACED IN main.OBJ
COMPILER INVOKED BY: C:\Keil_v5\C51\BIN\C51.EXE main.c ROM(SMALL) OPTIMIZE(8,SPEED) BROWSE DEBUG OBJECTEXTEND TABS(2)

line level    source

   1          /****************************************************
   2                 Lesson  : 1
   3               Neme    : LEd Blink
   4               Details : 8 leds are connection to Port2 of the 8051 
   5                         the Annode are common to VCC while the cathode 
   6                   are connected to each pin of the PORT2
   7                   the rate of blinking can be adjusted by 
   8                   changin the delay rate
   9          ******************************************************/
  10          #include<REG51.H>
  11          //Fuction Prototypes
  12          void delay(void);
  13           
  14          // Program Starts Here
  15          void main()
  16          {
  17   1        P2 = 0x00; // Leds are ON
  18   1        delay();
  19   1        P2 = 0xff; // Leds are OFF
  20   1        delay(); 
  21   1      }
  22          
  23          void delay(void)
  24          {
  25   1        unsigned int a,b;
  26   1        for(a=0;a<1000;a++)
  27   1          {
  28   2            for(b=0;b<120;b++)
  29   2            ;
  30   2          }
  31   1      }


MODULE INFORMATION:   STATIC OVERLAYABLE
   CODE SIZE        =     39    ----
   CONSTANT SIZE    =   ----    ----
   XDATA SIZE       =   ----    ----
   PDATA SIZE       =   ----    ----
   DATA SIZE        =   ----    ----
   IDATA SIZE       =   ----    ----
   BIT SIZE         =   ----    ----
END OF MODULE INFORMATION.


C51 COMPILATION COMPLETE.  0 WARNING(S),  0 ERROR(S)
