C51 COMPILER V9.60.7.0   RELAY                                                             09/18/2023 12:00:05 PAGE 1   


C51 COMPILER V9.60.7.0, COMPILATION OF MODULE RELAY
OBJECT MODULE PLACED IN .\Objects\relay.obj
COMPILER INVOKED BY: C:\Keil_v5\C51\BIN\C51.EXE relay.c OPTIMIZE(8,SPEED) BROWSE DEBUG OBJECTEXTEND PRINT(.\Listings\rel
                    -ay.lst) TABS(2) OBJECT(.\Objects\relay.obj)

line level    source

   1          #include<REG51.H>
   2          //Fuction Prototypes
   3          void delay(void);
   4           
   5          // Program Starts Here
   6          void main()
   7          {
   8   1        P1 = 0x00; // Leds are ON
   9   1        delay();
  10   1        P1 = 0xff; // Leds are OFF
  11   1        delay(); 
  12   1      }
  13          
  14          void delay(void)
  15          {
  16   1        unsigned int a,b;
  17   1        for(a=0;a<1000;a++)
  18   1          {
  19   2            for(b=0;b<120;b++)
  20   2            ;
  21   2          }
  22   1      }


MODULE INFORMATION:   STATIC OVERLAYABLE
   CODE SIZE        =     41    ----
   CONSTANT SIZE    =   ----    ----
   XDATA SIZE       =   ----    ----
   PDATA SIZE       =   ----    ----
   DATA SIZE        =   ----    ----
   IDATA SIZE       =   ----    ----
   BIT SIZE         =   ----    ----
END OF MODULE INFORMATION.


C51 COMPILATION COMPLETE.  0 WARNING(S),  0 ERROR(S)
