C51 COMPILER V9.60.7.0   MAIN                                                              09/12/2023 11:58:34 PAGE 1   


C51 COMPILER V9.60.7.0, COMPILATION OF MODULE MAIN
OBJECT MODULE PLACED IN MAIN.OBJ
COMPILER INVOKED BY: C:\Keil_v5\C51\BIN\C51.EXE MAIN.C OPTIMIZE(8,SPEED) BROWSE DEBUG OBJECTEXTEND TABS(2)

line level    source

   1          /****************************************************
   2                 Lesson  : 5
   3               Neme    : seven segment
   4               Details : A seven segment display is connected through a 
   5                     7447 ic which is bcd to 7 segment driver IC.
   6                   the BCD inputs are connected to port3.4 to
   7                   port3.7 of the 8051. the table for 1-9 is
   8                   -----------------------------
   9                   BCD  | 7 SEGMENT OUTPUT
  10                   -----------------------------
  11                   0000 | 0
  12                   0001 | 1
  13                   0010 | 2
  14                   0011 | 3
  15                   0100 | 4
  16                   0101 | 5
  17                   0110 | 6
  18                   0111 | 7
  19                   1000 | 8
  20                   1001 | 9
  21          ******************************************************/
  22          #include<REG51.H>
  23          #pragma
  24          //Fuction Prototypes
  25          void delay(void);
  26           
  27          // Program Starts Here
  28          void main()
  29          {
  30   1        unsigned char a,b;
  31   1        while(1)
  32   1        {
  33   2          for(a=0;a<30;a++)
  34   2          {
  35   3           b=a>>4;
  36   3           b |= a<<4;
  37   3           P0 =b ;
  38   3           delay(); 
  39   3          }
  40   2        }
  41   1      }
  42          
  43          void delay(void)
  44          {
  45   1        unsigned int a,b;
  46   1        for(a=0;a<1000;a++)
  47   1          {
  48   2            for(b=0;b<120;b++)
  49   2            ;
  50   2          }
  51   1      }


MODULE INFORMATION:   STATIC OVERLAYABLE
   CODE SIZE        =     63    ----
C51 COMPILER V9.60.7.0   MAIN                                                              09/12/2023 11:58:34 PAGE 2   

   CONSTANT SIZE    =   ----    ----
   XDATA SIZE       =   ----    ----
   PDATA SIZE       =   ----    ----
   DATA SIZE        =   ----       2
   IDATA SIZE       =   ----    ----
   BIT SIZE         =   ----    ----
END OF MODULE INFORMATION.


C51 COMPILATION COMPLETE.  0 WARNING(S),  0 ERROR(S)
