C51 COMPILER V8.09   MAIN                                                                  11/15/2008 17:18:51 PAGE 1   


C51 COMPILER V8.09, COMPILATION OF MODULE MAIN
OBJECT MODULE PLACED IN main.OBJ
COMPILER INVOKED BY: C:\Keil\C51\BIN\C51.EXE main.c BROWSE DEBUG OBJECTEXTEND

line level    source

   1          /*********************************************************************
   2                 Lesson  : 4
   3                     Neme    : Button More
   4                     Details : 8 buttons are connected to port1, 
   5                               the initial value of the port is HIGH(1)
   6                                           when the button is prssed the value is LOW(0)
   7                                           8 leds are connection to Port2 of the 8051 
   8                               the Annode are common to VCC while the cathode 
   9                                           are connected to each pin of the PORT2
  10                                           when the switch 1 is pressed the each led is inverted
  11          **********************************************************************/
  12          #include<REG51.H>
  13          //Fuction Prototypes
  14          void delay(void);
  15          sbit sw1=P2^0;
  16           
  17          // Program Starts Here
  18          void main()
  19          {
  20   1              P2 = 0xFF; // makes the Port 1 as input port
  21   1              while(1)
  22   1              {
  23   2               if(sw1 == 0)   //checked the button is pressed or not 0=pressed, 1= not pressed
  24   2                      {
  25   3                          
  26   3                              P2=(P2 & 0x0f)|0x50;
  27   3                              delay();
  28   3                      }
  29   2                      
  30   2                              P2=(P2 & 0x0f)|0xaf;
  31   2               }
  32   1      }
  33          
  34          void delay(void)
  35          {
  36   1              unsigned int a,b;
  37   1              for(a=0;a<100;a++)
  38   1                      {
  39   2                              for(b=0;b<120;b++)
  40   2                              ;
  41   2                      }
  42   1      }


MODULE INFORMATION:   STATIC OVERLAYABLE
   CODE SIZE        =     56    ----
   CONSTANT SIZE    =   ----    ----
   XDATA SIZE       =   ----    ----
   PDATA SIZE       =   ----    ----
   DATA SIZE        =   ----    ----
   IDATA SIZE       =   ----    ----
   BIT SIZE         =   ----    ----
END OF MODULE INFORMATION.


C51 COMPILATION COMPLETE.  0 WARNING(S),  0 ERROR(S)
