C51 COMPILER V8.09   MAIN                                                                  11/15/2008 16:55:34 PAGE 1   


C51 COMPILER V8.09, COMPILATION OF MODULE MAIN
OBJECT MODULE PLACED IN main.OBJ
COMPILER INVOKED BY: C:\Keil\C51\BIN\C51.EXE main.c BROWSE DEBUG OBJECTEXTEND

line level    source

   1          /****************************************************
   2                 Lesson  : 2
   3                     Neme    : LEd chaser
   4                     Details : 8 leds are connection to Port2 of the 8051 
   5                               the Annode are common to VCC while the cathode 
   6                                           are connected to each pin of the PORT2
   7                                           the rate of chasing can be adjusted by 
   8                                           changin the delay rate
   9          ******************************************************/
  10          #include<REG51.H>
  11          //Fuction Prototypes
  12          void delay(void);
  13           
  14          // Program Starts Here
  15          void main()
  16          {
  17   1              unsigned char a;
  18   1              a=0xef;
  19   1              
  20   1              while(1)
  21   1              {
  22   2               P2= a;
  23   2               a = a<<1;
  24   2               if (a==0xf0)
  25   2               a=0xef;
  26   2      
  27   2               
  28   2               delay();
  29   2               }
  30   1      }
  31          
  32          void delay(void)
  33          {
  34   1              unsigned int a,b;
  35   1              for(a=0;a<1000;a++)
  36   1                      {
  37   2                              for(b=0;b<50;b++)
  38   2                              ;
  39   2                      }
  40   1      }


MODULE INFORMATION:   STATIC OVERLAYABLE
   CODE SIZE        =     52    ----
   CONSTANT SIZE    =   ----    ----
   XDATA SIZE       =   ----    ----
   PDATA SIZE       =   ----    ----
   DATA SIZE        =   ----       1
   IDATA SIZE       =   ----    ----
   BIT SIZE         =   ----    ----
END OF MODULE INFORMATION.


C51 COMPILATION COMPLETE.  0 WARNING(S),  0 ERROR(S)
